This file contains any messages produced by compilers while
running configure, to aid debugging if configure makes a mistake.

configure:564: checking for gcc
configure:677: checking whether the C compiler (gcc  ) works
configure:693: gcc -o conftest    conftest.c  1>&5
configure:719: checking whether the C compiler (gcc  ) is a cross-compiler
configure:724: checking whether we are using GNU C
configure:752: checking whether gcc accepts -g
configure:814: checking for a BSD compatible install
configure:869: checking for ranlib
configure:898: checking how to run the C preprocessor
configure:981: checking for errno.h
configure:1021: checking for math.h
configure:1061: checking for ctype.h
configure:1101: checking for unistd.h
configure:1141: checking for memory.h
configure:1181: checking for string.h
configure:1221: checking for stddef.h
configure:1261: checking for stdlib.h
configure:1301: checking for sys/mtio.h
configure:1341: checking for sys/ioctl.h
configure:1381: checking for fcntl.h
configure:1419: checking whether byte ordering is bigendian
configure:1509: checking whether char is unsigned
configure:1572: checking for long double
configure:1615: checking size of int
configure:1654: checking size of short
configure:1693: checking size of long
configure:1733: checking for uid_t in sys/types.h
configure:1767: checking type of array argument to getgroups
configure:1838: checking for ANSI C header files
configure:1942: checking for mode_t
configure:1975: checking for off_t
configure:2008: checking for pid_t
configure:2041: checking return type of signal handlers
configure:2082: checking for size_t
configure:2115: checking for uid_t in sys/types.h
configure:2150: checking for nanosleep in -lposix4
configure:2197: checking for socket in -lsocket
configure:2244: checking for gethostbyname in -lnsl
configure:2292: checking for ANSI C header files
configure:2396: checking whether time.h and sys/time.h may both be included
configure:2434: checking for strchr
configure:2489: checking for memcpy
configure:2544: checking for nanosleep
configure:2599: checking for usleep
configure:2654: checking for strerror
